<?xml version="1.0" encoding="UTF-8"?>
<testng-results ignored="0" total="1" passed="1" failed="0" skipped="0">
  <reporter-output>
  </reporter-output>
  <suite started-at="2026-04-18T21:02:36 IST" name="Suite" finished-at="2026-04-18T21:02:53 IST" duration-ms="17142">
    <groups>
    </groups>
    <test started-at="2026-04-18T21:02:36 IST" name="Test" finished-at="2026-04-18T21:02:53 IST" duration-ms="17142">
      <class name="tests.E2ETest">
        <test-method is-config="true" signature="setup()[pri:0, instance:tests.E2ETest@4f209819]" started-at="2026-04-18T21:02:36 IST" name="setup" finished-at="2026-04-18T21:02:38 IST" duration-ms="2115" status="PASS">
          <reporter-output>
          </reporter-output>
        </test-method> <!-- setup -->
        <test-method signature="CompleteE2EFlow()[pri:0, instance:tests.E2ETest@4f209819]" started-at="2026-04-18T21:02:38 IST" name="CompleteE2EFlow" finished-at="2026-04-18T21:02:53 IST" duration-ms="14873" status="PASS">
          <reporter-output>
          </reporter-output>
        </test-method> <!-- CompleteE2EFlow -->
        <test-method is-config="true" signature="teardown()[pri:0, instance:tests.E2ETest@4f209819]" started-at="2026-04-18T21:02:53 IST" name="teardown" finished-at="2026-04-18T21:02:53 IST" duration-ms="129" status="PASS">
          <reporter-output>
          </reporter-output>
        </test-method> <!-- teardown -->
      </class> <!-- tests.E2ETest -->
    </test> <!-- Test -->
  </suite> <!-- Suite -->
</testng-results>
